<?xml version="1.0" encoding="UTF-8"?>
<testsuite name="io.godstone.mesh.PortVectorTest" tests="4" skipped="0" failures="0" errors="0" timestamp="2026-08-06T17:32:45" hostname="Naraharikripas-Mac-mini.local" time="0.006">
  <properties/>
  <testcase name="blake2s known answers" classname="io.godstone.mesh.PortVectorTest" time="0.002"/>
  <testcase name="blake2s mutation changes digest" classname="io.godstone.mesh.PortVectorTest" time="0.001"/>
  <testcase name="bouncycastle port matches generated vectors" classname="io.godstone.mesh.PortVectorTest" time="0.001"/>
  <testcase name="noise xx emits canonical empty-payload message sizes" classname="io.godstone.mesh.PortVectorTest" time="0.002"/>
  <system-out><![CDATA[]]></system-out>
  <system-err><![CDATA[]]></system-err>
</testsuite>
